c:\users\bobbic\documents\rapid games prototyping\platformer\hellogl\hellogl\debug\vc143.pdb
c:\users\bobbic\documents\rapid games prototyping\platformer\hellogl\hellogl\debug\vc143.idb
c:\users\bobbic\documents\rapid games prototyping\platformer\hellogl\hellogl\debug\texture2d.obj
c:\users\bobbic\documents\rapid games prototyping\platformer\hellogl\hellogl\debug\suzanne.obj
c:\users\bobbic\documents\rapid games prototyping\platformer\hellogl\hellogl\debug\sceneobjects.obj
c:\users\bobbic\documents\rapid games prototyping\platformer\hellogl\hellogl\debug\pyramid.obj
c:\users\bobbic\documents\rapid games prototyping\platformer\hellogl\hellogl\debug\objloader.obj
c:\users\bobbic\documents\rapid games prototyping\platformer\hellogl\hellogl\debug\meshloader.obj
c:\users\bobbic\documents\rapid games prototyping\platformer\hellogl\hellogl\debug\main.obj
c:\users\bobbic\documents\rapid games prototyping\platformer\hellogl\hellogl\debug\hellogl.obj
c:\users\bobbic\documents\rapid games prototyping\platformer\hellogl\hellogl\debug\glutcallbacks.obj
c:\users\bobbic\documents\rapid games prototyping\platformer\hellogl\hellogl\debug\cube.obj
c:\users\bobbic\documents\rapid games prototyping\platformer\hellogl\hellogl\debug\charactercontroller.obj
c:\users\bobbic\documents\rapid games prototyping\platformer\hellogl\hellogl\debug\bitmaploader.obj
c:\users\bobbic\documents\rapid games prototyping\platformer\hellogl\debug\hellogl.exe
c:\users\bobbic\documents\rapid games prototyping\platformer\hellogl\hellogl\debug\hellogl.ilk
c:\users\bobbic\documents\rapid games prototyping\platformer\hellogl\debug\hellogl.pdb
c:\users\a018366m\documents\github\hellogl\hellogl\debug\bitmaploader.obj
c:\users\a018366m\documents\github\hellogl\hellogl\debug\charactercontroller.obj
c:\users\a018366m\documents\github\hellogl\hellogl\debug\cube.obj
c:\users\a018366m\documents\github\hellogl\hellogl\debug\glutcallbacks.obj
c:\users\a018366m\documents\github\hellogl\hellogl\debug\hellogl.obj
c:\users\a018366m\documents\github\hellogl\hellogl\debug\main.obj
c:\users\a018366m\documents\github\hellogl\hellogl\debug\meshloader.obj
c:\users\a018366m\documents\github\hellogl\hellogl\debug\objloader.obj
c:\users\a018366m\documents\github\hellogl\hellogl\debug\pyramid.obj
c:\users\a018366m\documents\github\hellogl\hellogl\debug\sceneobjects.obj
c:\users\a018366m\documents\github\hellogl\hellogl\debug\suzanne.obj
c:\users\a018366m\documents\github\hellogl\hellogl\debug\texture2d.obj
c:\users\a018366m\documents\github\hellogl\hellogl\debug\charactercontroller.obj.enc
c:\users\a018366m\documents\github\hellogl\hellogl\debug\hellogl.obj.enc
c:\users\a018366m\documents\github\hellogl\hellogl\debug\suzanne.obj.enc
c:\users\a018366m\documents\github\hellogl\hellogl\debug\hellogl.ilk
c:\users\a018366m\documents\github\hellogl\hellogl\debug\vc143.idb
c:\users\a018366m\documents\github\hellogl\hellogl\debug\vc143.pdb
c:\users\a018366m\documents\github\hellogl\debug\hellogl.pdb
c:\users\a018366m\documents\github\hellogl\debug\hellogl.exe
c:\users\a018366m\documents\github\hellogl\hellogl\debug\hellogl.tlog\cl.command.1.tlog
c:\users\a018366m\documents\github\hellogl\hellogl\debug\hellogl.tlog\cl.read.1.tlog
c:\users\a018366m\documents\github\hellogl\hellogl\debug\hellogl.tlog\cl.write.1.tlog
c:\users\a018366m\documents\github\hellogl\hellogl\debug\hellogl.tlog\link.command.1.tlog
c:\users\a018366m\documents\github\hellogl\hellogl\debug\hellogl.tlog\link.read.1.tlog
c:\users\a018366m\documents\github\hellogl\hellogl\debug\hellogl.tlog\link.write.1.tlog
